<?xml version="1.0" encoding="UTF-8"?>
<!-- Generated by org.testng.reporters.JUnitReportReporter -->
<testsuite hostname="DESKTOP-A3VJG9J" failures="0" tests="1" name="com.LiveProject.LiveProject.AddRemoveBasketTest" time="9.456" errors="0" timestamp="2022-09-13T19:05:46 CEST" skipped="0">
  <testcase classname="com.LiveProject.LiveProject.AddRemoveBasketTest" name="addRemoveItem" time="9.456"/>
  <system-out/>
</testsuite> <!-- com.LiveProject.LiveProject.AddRemoveBasketTest -->
